#
# There is insufficient memory for the Java Runtime Environment to continue.
# Native memory allocation (malloc) failed to allocate 32744 bytes for ChunkPool::allocate
# Possible reasons:
#   The system is out of physical RAM or swap space
#   The process is running with CompressedOops enabled, and the Java Heap may be blocking the growth of the native heap
# Possible solutions:
#   Reduce memory load on the system
#   Increase physical memory or swap space
#   Check if swap backing store is full
#   Decrease Java heap size (-Xmx/-Xms)
#   Decrease number of Java threads
#   Decrease Java thread stack sizes (-Xss)
#   Set larger code cache with -XX:ReservedCodeCacheSize=
#   JVM is running with Unscaled Compressed Oops mode in which the Java heap is
#     placed in the first 4GB address space. The Java Heap base address is the
#     maximum limit for the native heap growth. Please use -XX:HeapBaseMinAddress
#     to set the Java Heap base and to place the Java Heap above 4GB virtual address.
# This output file may be truncated or incomplete.
#
#  Out of Memory Error (allocation.cpp:272), pid=32884, tid=0x00000000000083d8
#
# JRE version: OpenJDK Runtime Environment (8.0_242-b01) (build 1.8.0_242-release-1644-b01)
# Java VM: OpenJDK 64-Bit Server VM (25.242-b01 mixed mode windows-amd64 compressed oops)
# Failed to write core dump. Minidumps are not enabled by default on client versions of Windows
#

---------------  T H R E A D  ---------------

Current thread (0x000000001835d800):  JavaThread "C2 CompilerThread1" daemon [_thread_in_native, id=33752, stack(0x000000001ab20000,0x000000001ac20000)]

Stack: [0x000000001ab20000,0x000000001ac20000]
[error occurred during error reporting (printing stack bounds), id 0xc0000005]

Native frames: (J=compiled Java code, j=interpreted, Vv=VM code, C=native code)


Current CompileTask:
C2: 374694 18242       4       com.android.tools.r8.B.a.a.f::a (3630 bytes)


---------------  P R O C E S S  ---------------

Java Threads: ( => current thread )
  0x000000001e003000 JavaThread "stdout" [_thread_in_native, id=20540, stack(0x0000000027ff0000,0x00000000280f0000)]
  0x000000001e005800 JavaThread "stderr" [_thread_in_native, id=23188, stack(0x0000000027ef0000,0x0000000027ff0000)]
  0x000000001e008800 JavaThread "pool-5-thread-1" [_thread_blocked, id=31804, stack(0x0000000027df0000,0x0000000027ef0000)]
  0x000000001e007800 JavaThread "WorkerExecutor Queue Thread 2" [_thread_blocked, id=31644, stack(0x0000000027cf0000,0x0000000027df0000)]
  0x000000001fe4c000 JavaThread "WorkerExecutor Queue" [_thread_blocked, id=4784, stack(0x0000000027bf0000,0x0000000027cf0000)]
  0x000000001fe4b000 JavaThread "Cache worker for execution history cache (C:\Users\bevan\AndroidStudioProjects\kakulator\.gradle\6.1.1\executionHistory)" [_thread_blocked, id=28380, stack(0x0000000027af0000,0x0000000027bf0000)]
  0x000000001fe49800 JavaThread "RMI TCP Connection(idle)" daemon [_thread_blocked, id=32764, stack(0x00000000277f0000,0x00000000278f0000)]
  0x000000001fe4a800 JavaThread "Execution worker for ':' Thread 7" [_thread_in_Java, id=12772, stack(0x00000000274f0000,0x00000000275f0000)]
  0x000000001fe4d800 JavaThread "Execution worker for ':' Thread 6" [_thread_in_Java, id=33088, stack(0x0000000026ff0000,0x00000000270f0000)]
  0x000000001fe49000 JavaThread "Execution worker for ':' Thread 5" [_thread_in_Java, id=6992, stack(0x0000000026ef0000,0x0000000026ff0000)]
  0x000000001fe46000 JavaThread "Execution worker for ':' Thread 4" [_thread_in_Java, id=32660, stack(0x0000000026df0000,0x0000000026ef0000)]
  0x000000001fe41800 JavaThread "Execution worker for ':' Thread 3" [_thread_in_Java, id=32984, stack(0x0000000026cf0000,0x0000000026df0000)]
  0x000000001fe3e800 JavaThread "Execution worker for ':' Thread 2" [_thread_in_Java, id=10296, stack(0x0000000026bf0000,0x0000000026cf0000)]
  0x000000001fe44800 JavaThread "Execution worker for ':'" [_thread_in_Java, id=25616, stack(0x00000000264f0000,0x00000000265f0000)]
  0x0000000020a19000 JavaThread "Cache worker for file content cache (C:\Users\bevan\AndroidStudioProjects\kakulator\.gradle\6.1.1\fileContent)" [_thread_blocked, id=29152, stack(0x0000000023550000,0x0000000023650000)]
  0x0000000020a19800 JavaThread "Cache worker for Build Output Cleanup Cache (C:\Users\bevan\AndroidStudioProjects\kakulator\.gradle\buildOutputCleanup)" [_thread_blocked, id=10976, stack(0x0000000023250000,0x0000000023350000)]
  0x0000000020a10000 JavaThread "pool-4-thread-1" [_thread_blocked, id=13924, stack(0x0000000022d50000,0x0000000022e50000)]
  0x0000000020a16800 JavaThread "Build operations Thread 8" [_thread_blocked, id=33076, stack(0x0000000022c50000,0x0000000022d50000)]
  0x0000000020a0f000 JavaThread "Build operations Thread 7" [_thread_blocked, id=32268, stack(0x0000000022b50000,0x0000000022c50000)]
  0x0000000020a16000 JavaThread "Build operations Thread 6" [_thread_blocked, id=21220, stack(0x0000000022a50000,0x0000000022b50000)]
  0x0000000020a15000 JavaThread "Build operations Thread 5" [_thread_blocked, id=32748, stack(0x0000000022950000,0x0000000022a50000)]
  0x0000000020a14800 JavaThread "Build operations Thread 4" [_thread_blocked, id=28460, stack(0x0000000022850000,0x0000000022950000)]
  0x0000000020a13800 JavaThread "Build operations Thread 3" [_thread_blocked, id=4680, stack(0x0000000022750000,0x0000000022850000)]
  0x0000000020a13000 JavaThread "Build operations Thread 2" [_thread_blocked, id=33568, stack(0x0000000021e40000,0x0000000021f40000)]
  0x0000000020a12000 JavaThread "Build operations" [_thread_blocked, id=22340, stack(0x0000000021840000,0x0000000021940000)]
  0x000000001fd68000 JavaThread "Cache worker for cache directory md-rule (C:\Users\bevan\.gradle\caches\6.1.1\md-rule)" [_thread_blocked, id=32056, stack(0x00000000212e0000,0x00000000213e0000)]
  0x000000001fd67000 JavaThread "Cache worker for cache directory md-supplier (C:\Users\bevan\.gradle\caches\6.1.1\md-supplier)" [_thread_blocked, id=8740, stack(0x00000000211e0000,0x00000000212e0000)]
  0x000000001fd66800 JavaThread "Cache worker for file hash cache (C:\Users\bevan\AndroidStudioProjects\kakulator\.gradle\6.1.1\fileHashes)" [_thread_blocked, id=1648, stack(0x00000000210e0000,0x00000000211e0000)]
  0x000000001fd5a800 JavaThread "Cache worker for checksums cache (C:\Users\bevan\AndroidStudioProjects\kakulator\.gradle\checksums)" [_thread_blocked, id=32460, stack(0x000000001d970000,0x000000001da70000)]
  0x000000001fd61000 JavaThread "Thread-55" [_thread_blocked, id=21548, stack(0x000000001d870000,0x000000001d970000)]
  0x000000001fd59800 JavaThread "Stdin handler" [_thread_blocked, id=33668, stack(0x000000001d770000,0x000000001d870000)]
  0x000000001fd60800 JavaThread "Asynchronous log dispatcher for DefaultDaemonConnection: socket connection from /127.0.0.1:59895 to /127.0.0.1:60635" [_thread_blocked, id=14620, stack(0x000000001d670000,0x000000001d770000)]
  0x000000001fd5f800 JavaThread "Daemon worker Thread 2" [_thread_in_Java, id=32652, stack(0x000000001d570000,0x000000001d670000)]
  0x000000001fd5c800 JavaThread "Cancel handler" [_thread_blocked, id=6096, stack(0x000000001d270000,0x000000001d370000)]
  0x000000001fd5c000 JavaThread "Handler for socket connection from /127.0.0.1:59895 to /127.0.0.1:60635" [_thread_in_native, id=29248, stack(0x000000001d170000,0x000000001d270000)]
  0x000000001fd5f000 JavaThread "Daemon Thread 2" [_thread_blocked, id=29396, stack(0x0000000001700000,0x0000000001800000)]
  0x000000001fe48000 JavaThread "RMI Reaper" [_thread_blocked, id=12716, stack(0x0000000028cf0000,0x0000000028df0000)]
  0x000000001fe46800 JavaThread "RMI TCP Accept-0" daemon [_thread_in_native, id=33532, stack(0x0000000028bf0000,0x0000000028cf0000)]
  0x000000001fe45000 JavaThread "GC Daemon" daemon [_thread_blocked, id=33616, stack(0x0000000028af0000,0x0000000028bf0000)]
  0x000000001fe40800 JavaThread "RMI Scheduler(0)" daemon [_thread_blocked, id=33388, stack(0x00000000288f0000,0x00000000289f0000)]
  0x0000000020a18000 JavaThread "Cache worker for file content cache (C:\Users\bevan\.gradle\caches\6.1.1\fileContent)" [_thread_blocked, id=26140, stack(0x00000000262f0000,0x00000000263f0000)]
  0x0000000020a1b000 JavaThread "Memory manager" [_thread_blocked, id=33604, stack(0x00000000261f0000,0x00000000262f0000)]
  0x000000001c622800 JavaThread "Cache worker for execution history cache (C:\Users\bevan\.gradle\caches\6.1.1\executionHistory)" [_thread_blocked, id=27376, stack(0x0000000021940000,0x0000000021a40000)]
  0x000000001c628800 JavaThread "Cache worker for file hash cache (C:\Users\bevan\.gradle\caches\6.1.1\fileHashes)" [_thread_blocked, id=29768, stack(0x000000001ee40000,0x000000001ef40000)]
  0x000000001c625000 JavaThread "File lock request listener" [_thread_in_native, id=29380, stack(0x000000001ed40000,0x000000001ee40000)]
  0x000000001dab2800 JavaThread "Cache worker for journal cache (C:\Users\bevan\.gradle\caches\journal-1)" [_thread_blocked, id=32400, stack(0x000000001ec40000,0x000000001ed40000)]
  0x000000001c232000 JavaThread "Daemon periodic checks" [_thread_blocked, id=32508, stack(0x000000001d070000,0x000000001d170000)]
  0x000000001befb800 JavaThread "Incoming local TCP Connector on port 59895" [_thread_in_native, id=32040, stack(0x000000001ce30000,0x000000001cf30000)]
  0x000000001b846800 JavaThread "Daemon health stats" [_thread_blocked, id=33132, stack(0x000000001c7f0000,0x000000001c8f0000)]
  0x000000001a1e0800 JavaThread "Service Thread" daemon [_thread_blocked, id=22588, stack(0x000000001ae20000,0x000000001af20000)]
  0x000000001a160000 JavaThread "C1 CompilerThread3" daemon [_thread_blocked, id=32424, stack(0x000000001ad20000,0x000000001ae20000)]
  0x000000001a157000 JavaThread "C2 CompilerThread2" daemon [_thread_in_native, id=29576, stack(0x000000001ac20000,0x000000001ad20000)]
=>0x000000001835d800 JavaThread "C2 CompilerThread1" daemon [_thread_in_native, id=33752, stack(0x000000001ab20000,0x000000001ac20000)]
  0x000000001a152000 JavaThread "C2 CompilerThread0" daemon [_thread_in_native, id=24164, stack(0x000000001aa20000,0x000000001ab20000)]
  0x000000001a151000 JavaThread "Attach Listener" daemon [_thread_blocked, id=28580, stack(0x000000001a920000,0x000000001aa20000)]
  0x000000001a155800 JavaThread "Signal Dispatcher" daemon [_thread_blocked, id=33064, stack(0x000000001a820000,0x000000001a920000)]
  0x00000000032de000 JavaThread "Finalizer" daemon [_thread_blocked, id=33428, stack(0x000000001a620000,0x000000001a720000)]
  0x00000000032d7000 JavaThread "Reference Handler" daemon [_thread_blocked, id=18484, stack(0x000000001a520000,0x000000001a620000)]
  0x00000000030de000 JavaThread "main" [_thread_blocked, id=33420, stack(0x00000000030e0000,0x00000000031e0000)]

Other Threads:
  0x0000000018346000 VMThread [stack: 0x000000001a020000,0x000000001a120000] [id=13116]
  0x000000001a1e1800 WatcherThread [stack: 0x000000001af20000,0x000000001b020000] [id=32024]

VM state:not at safepoint (normal execution)

VM Mutex/Monitor currently owned by a thread: None

heap address: 0x0000000080000000, size: 2048 MB, Compressed Oops mode: 32-bit
Narrow klass base: 0x0000000000000000, Narrow klass shift: 3
Compressed class space size: 1073741824 Address: 0x0000000100000000

Heap:
 PSYoungGen      total 378368K, used 216910K [0x00000000d5580000, 0x00000000f0000000, 0x0000000100000000)
  eden space 324096K, 59% used [0x00000000d5580000,0x00000000e1356e08,0x00000000e9200000)
  from space 54272K, 41% used [0x00000000ec400000,0x00000000ed9fcb20,0x00000000ef900000)
  to   space 51200K, 0% used [0x00000000e9200000,0x00000000e9200000,0x00000000ec400000)
 ParOldGen       total 215040K, used 151802K [0x0000000080000000, 0x000000008d200000, 0x00000000d5580000)
  object space 215040K, 70% used [0x0000000080000000,0x000000008943e940,0x000000008d200000)
 Metaspace       used 91661K, capacity 96327K, committed 96536K, reserved 1132544K
  class space    used 12049K, capacity 12958K, committed 13104K, reserved 1048576K

Card table byte_map: [0x00000000126a0000,0x0000000012ab0000] byte_map_base: 0x00000000122a0000

Marking Bits: (ParMarkBitMap*) 0x000000005542f030
 Begin Bits: [0x0000000013560000, 0x0000000015560000)
 End Bits:   [0x0000000015560000, 0x0000000017560000)

Polling page: 0x0000000001320000

CodeCache: size=245760Kb used=52284Kb max_used=52284Kb free=193475Kb
 bounds [0x00000000032e0000, 0x0000000006640000, 0x00000000122e0000]
 total_blobs=15739 nmethods=14827 adapters=824
 compilation: enabled

Compilation events (10 events):
Event: 374.416 Thread 0x000000001a160000 18536       2       java.util.TreeMap$PrivateEntryIterator::remove (93 bytes)
Event: 374.418 Thread 0x000000001a160000 nmethod 18536 0x0000000006604e10 code [0x0000000006604fa0, 0x0000000006605308]
Event: 374.418 Thread 0x000000001a160000 18537       2       java.util.TreeMap::access$000 (6 bytes)
Event: 374.418 Thread 0x000000001a160000 nmethod 18537 0x0000000006604a90 code [0x0000000006604c00, 0x0000000006604d48]
Event: 374.472 Thread 0x000000001a160000 18538       1       com.android.tools.r8.u.b.g0::E1 (2 bytes)
Event: 374.472 Thread 0x000000001a160000 nmethod 18538 0x00000000066047d0 code [0x0000000006604920, 0x0000000006604a30]
Event: 374.473 Thread 0x000000001a160000 18539       2       com.android.tools.r8.s.a.a.b.W::iterator (5 bytes)
Event: 374.473 Thread 0x000000001a160000 nmethod 18539 0x0000000006604450 code [0x00000000066045c0, 0x0000000006604748]
Event: 374.644 Thread 0x000000001a160000 18540       2       com.android.tools.r8.u.b.i::F2 (14 bytes)
Event: 374.654 Thread 0x000000001a160000 nmethod 18540 0x0000000006604090 code [0x0000000006604200, 0x00000000066043a8]

GC Heap History (10 events):
Event: 75.807 GC heap before
{Heap before GC invocations=16 (full 3):
 PSYoungGen      total 280064K, used 271467K [0x00000000d5580000, 0x00000000e8600000, 0x0000000100000000)
  eden space 257536K, 100% used [0x00000000d5580000,0x00000000e5100000,0x00000000e5100000)
  from space 22528K, 61% used [0x00000000e7000000,0x00000000e7d9ac78,0x00000000e8600000)
  to   space 27136K, 0% used [0x00000000e5100000,0x00000000e5100000,0x00000000e6b80000)
 ParOldGen       total 102912K, used 51674K [0x0000000080000000, 0x0000000086480000, 0x00000000d5580000)
  object space 102912K, 50% used [0x0000000080000000,0x00000000832768b0,0x0000000086480000)
 Metaspace       used 81055K, capacity 85487K, committed 85656K, reserved 1122304K
  class space    used 11174K, capacity 12148K, committed 12208K, reserved 1048576K
Event: 75.916 GC heap after
Heap after GC invocations=16 (full 3):
 PSYoungGen      total 284672K, used 27119K [0x00000000d5580000, 0x00000000ec580000, 0x0000000100000000)
  eden space 257536K, 0% used [0x00000000d5580000,0x00000000d5580000,0x00000000e5100000)
  from space 27136K, 99% used [0x00000000e5100000,0x00000000e6b7be20,0x00000000e6b80000)
  to   space 44032K, 0% used [0x00000000e9a80000,0x00000000e9a80000,0x00000000ec580000)
 ParOldGen       total 102912K, used 86483K [0x0000000080000000, 0x0000000086480000, 0x00000000d5580000)
  object space 102912K, 84% used [0x0000000080000000,0x0000000085474dd0,0x0000000086480000)
 Metaspace       used 81055K, capacity 85487K, committed 85656K, reserved 1122304K
  class space    used 11174K, capacity 12148K, committed 12208K, reserved 1048576K
}
Event: 75.916 GC heap before
{Heap before GC invocations=17 (full 4):
 PSYoungGen      total 284672K, used 27119K [0x00000000d5580000, 0x00000000ec580000, 0x0000000100000000)
  eden space 257536K, 0% used [0x00000000d5580000,0x00000000d5580000,0x00000000e5100000)
  from space 27136K, 99% used [0x00000000e5100000,0x00000000e6b7be20,0x00000000e6b80000)
  to   space 44032K, 0% used [0x00000000e9a80000,0x00000000e9a80000,0x00000000ec580000)
 ParOldGen       total 102912K, used 86483K [0x0000000080000000, 0x0000000086480000, 0x00000000d5580000)
  object space 102912K, 84% used [0x0000000080000000,0x0000000085474dd0,0x0000000086480000)
 Metaspace       used 81055K, capacity 85487K, committed 85656K, reserved 1122304K
  class space    used 11174K, capacity 12148K, committed 12208K, reserved 1048576K
Event: 76.666 GC heap after
Heap after GC invocations=17 (full 4):
 PSYoungGen      total 284672K, used 0K [0x00000000d5580000, 0x00000000ec580000, 0x0000000100000000)
  eden space 257536K, 0% used [0x00000000d5580000,0x00000000d5580000,0x00000000e5100000)
  from space 27136K, 0% used [0x00000000e5100000,0x00000000e5100000,0x00000000e6b80000)
  to   space 44032K, 0% used [0x00000000e9a80000,0x00000000e9a80000,0x00000000ec580000)
 ParOldGen       total 215040K, used 102544K [0x0000000080000000, 0x000000008d200000, 0x00000000d5580000)
  object space 215040K, 47% used [0x0000000080000000,0x0000000086424190,0x000000008d200000)
 Metaspace       used 80167K, capacity 83377K, committed 85656K, reserved 1122304K
  class space    used 10863K, capacity 11585K, committed 12208K, reserved 1048576K
}
Event: 79.883 GC heap before
{Heap before GC invocations=18 (full 4):
 PSYoungGen      total 284672K, used 257237K [0x00000000d5580000, 0x00000000ec580000, 0x0000000100000000)
  eden space 257536K, 99% used [0x00000000d5580000,0x00000000e50b56c8,0x00000000e5100000)
  from space 27136K, 0% used [0x00000000e5100000,0x00000000e5100000,0x00000000e6b80000)
  to   space 44032K, 0% used [0x00000000e9a80000,0x00000000e9a80000,0x00000000ec580000)
 ParOldGen       total 215040K, used 102544K [0x0000000080000000, 0x000000008d200000, 0x00000000d5580000)
  object space 215040K, 47% used [0x0000000080000000,0x0000000086424190,0x000000008d200000)
 Metaspace       used 84494K, capacity 88453K, committed 89368K, reserved 1126400K
  class space    used 11451K, capacity 12241K, committed 12592K, reserved 1048576K
Event: 79.990 GC heap after
Heap after GC invocations=18 (full 4):
 PSYoungGen      total 319488K, used 44026K [0x00000000d5580000, 0x00000000eee80000, 0x0000000100000000)
  eden space 275456K, 0% used [0x00000000d5580000,0x00000000d5580000,0x00000000e6280000)
  from space 44032K, 99% used [0x00000000e9a80000,0x00000000ec57ead0,0x00000000ec580000)
  to   space 57344K, 0% used [0x00000000e6280000,0x00000000e6280000,0x00000000e9a80000)
 ParOldGen       total 215040K, used 118792K [0x0000000080000000, 0x000000008d200000, 0x00000000d5580000)
  object space 215040K, 55% used [0x0000000080000000,0x0000000087402308,0x000000008d200000)
 Metaspace       used 84494K, capacity 88453K, committed 89368K, reserved 1126400K
  class space    used 11451K, capacity 12241K, committed 12592K, reserved 1048576K
}
Event: 352.685 GC heap before
{Heap before GC invocations=19 (full 4):
 PSYoungGen      total 319488K, used 319482K [0x00000000d5580000, 0x00000000eee80000, 0x0000000100000000)
  eden space 275456K, 100% used [0x00000000d5580000,0x00000000e6280000,0x00000000e6280000)
  from space 44032K, 99% used [0x00000000e9a80000,0x00000000ec57ead0,0x00000000ec580000)
  to   space 57344K, 0% used [0x00000000e6280000,0x00000000e6280000,0x00000000e9a80000)
 ParOldGen       total 215040K, used 118792K [0x0000000080000000, 0x000000008d200000, 0x00000000d5580000)
  object space 215040K, 55% used [0x0000000080000000,0x0000000087402308,0x000000008d200000)
 Metaspace       used 90241K, capacity 94569K, committed 95256K, reserved 1132544K
  class space    used 11952K, capacity 12823K, committed 13104K, reserved 1048576K
Event: 354.631 GC heap after
Heap after GC invocations=19 (full 4):
 PSYoungGen      total 332800K, used 20327K [0x00000000d5580000, 0x00000000ef900000, 0x0000000100000000)
  eden space 275456K, 0% used [0x00000000d5580000,0x00000000d5580000,0x00000000e6280000)
  from space 57344K, 35% used [0x00000000e6280000,0x00000000e7659d18,0x00000000e9a80000)
  to   space 54272K, 0% used [0x00000000ec400000,0x00000000ec400000,0x00000000ef900000)
 ParOldGen       total 215040K, used 151794K [0x0000000080000000, 0x000000008d200000, 0x00000000d5580000)
  object space 215040K, 70% used [0x0000000080000000,0x000000008943c940,0x000000008d200000)
 Metaspace       used 90241K, capacity 94569K, committed 95256K, reserved 1132544K
  class space    used 11952K, capacity 12823K, committed 13104K, reserved 1048576K
}
Event: 369.402 GC heap before
{Heap before GC invocations=20 (full 4):
 PSYoungGen      total 332800K, used 295783K [0x00000000d5580000, 0x00000000ef900000, 0x0000000100000000)
  eden space 275456K, 100% used [0x00000000d5580000,0x00000000e6280000,0x00000000e6280000)
  from space 57344K, 35% used [0x00000000e6280000,0x00000000e7659d18,0x00000000e9a80000)
  to   space 54272K, 0% used [0x00000000ec400000,0x00000000ec400000,0x00000000ef900000)
 ParOldGen       total 215040K, used 151794K [0x0000000080000000, 0x000000008d200000, 0x00000000d5580000)
  object space 215040K, 70% used [0x0000000080000000,0x000000008943c940,0x000000008d200000)
 Metaspace       used 91452K, capacity 96095K, committed 96536K, reserved 1132544K
  class space    used 12040K, capacity 12954K, committed 13104K, reserved 1048576K
Event: 369.907 GC heap after
Heap after GC invocations=20 (full 4):
 PSYoungGen      total 378368K, used 22514K [0x00000000d5580000, 0x00000000f0000000, 0x0000000100000000)
  eden space 324096K, 0% used [0x00000000d5580000,0x00000000d5580000,0x00000000e9200000)
  from space 54272K, 41% used [0x00000000ec400000,0x00000000ed9fcb20,0x00000000ef900000)
  to   space 51200K, 0% used [0x00000000e9200000,0x00000000e9200000,0x00000000ec400000)
 ParOldGen       total 215040K, used 151802K [0x0000000080000000, 0x000000008d200000, 0x00000000d5580000)
  object space 215040K, 70% used [0x0000000080000000,0x000000008943e940,0x000000008d200000)
 Metaspace       used 91452K, capacity 96095K, committed 96536K, reserved 1132544K
  class space    used 12040K, capacity 12954K, committed 13104K, reserved 1048576K
}

Deoptimization events (10 events):
Event: 371.129 Thread 0x000000001fe46000 Uncommon trap: reason=unreached action=reinterpret pc=0x00000000060e05e4 method=com.android.tools.r8.B.a.a.f.a(Lcom/android/tools/r8/B/a/a/u;Lcom/android/tools/r8/B/a/a/k;I)V @ 1303
Event: 371.513 Thread 0x000000001fe46000 Uncommon trap: reason=unstable_if action=reinterpret pc=0x0000000006275d30 method=com.android.tools.r8.ir.regalloc.b.compareTo(Ljava/lang/Object;)I @ 88
Event: 371.905 Thread 0x000000001fe46000 Uncommon trap: reason=unstable_if action=reinterpret pc=0x0000000004b117bc method=java.util.ArrayList.remove(Ljava/lang/Object;)Z @ 46
Event: 372.767 Thread 0x000000001fe46000 Uncommon trap: reason=unstable_if action=reinterpret pc=0x000000000457e14c method=com.android.tools.r8.ir.regalloc.h.a(II)V @ 8
Event: 372.811 Thread 0x000000001fe46000 Uncommon trap: reason=unstable_if action=reinterpret pc=0x0000000005fc41dc method=com.android.tools.r8.ir.regalloc.j.a(I)Z @ 17
Event: 372.812 Thread 0x000000001fe46000 Uncommon trap: reason=unstable_if action=reinterpret pc=0x00000000061589fc method=com.android.tools.r8.ir.regalloc.a.a(I)I @ 12
Event: 372.816 Thread 0x000000001fe46000 Uncommon trap: reason=unstable_if action=reinterpret pc=0x0000000004a1ba6c method=com.android.tools.r8.ir.regalloc.a.a(Lcom/android/tools/r8/u/b/m1;I)I @ 32
Event: 372.817 Thread 0x000000001fe46000 Uncommon trap: reason=unstable_if action=reinterpret pc=0x00000000062f28d0 method=com.android.tools.r8.ir.regalloc.a.a(Lcom/android/tools/r8/u/b/m1;I)I @ 32
Event: 373.720 Thread 0x000000001fe46000 Uncommon trap: reason=class_check action=maybe_recompile pc=0x0000000005f29368 method=com.android.tools.r8.ir.analysis.type.t.a(Lcom/android/tools/r8/u/b/m1;Lcom/android/tools/r8/ir/analysis/type/u;)V @ 67
Event: 373.897 Thread 0x000000001fe46000 Uncommon trap: reason=unstable_if action=reinterpret pc=0x00000000065e9fb8 method=com.android.tools.r8.ir.regalloc.a.a(Lcom/android/tools/r8/ir/regalloc/a$a;Z)Lcom/android/tools/r8/ir/regalloc/a$a; @ 2054

Classes redefined (0 events):
No events

Internal exceptions (10 events):
Event: 371.197 Thread 0x000000001fe4d800 Exception <a 'sun/nio/fs/WindowsException'> (0x00000000d724c230) thrown at [C:\src\AOSP-openjdk-git\hotspot\src\share\vm\prims\jni.cpp, line 710]
Event: 371.236 Thread 0x000000001fe49000 Exception <a 'sun/nio/fs/WindowsException'> (0x00000000d75f27f0) thrown at [C:\src\AOSP-openjdk-git\hotspot\src\share\vm\prims\jni.cpp, line 710]
Event: 372.406 Thread 0x000000001fe49000 Exception <a 'sun/nio/fs/WindowsException'> (0x00000000da431b18) thrown at [C:\src\AOSP-openjdk-git\hotspot\src\share\vm\prims\jni.cpp, line 710]
Event: 372.830 Thread 0x000000001fe44800 Exception <a 'sun/nio/fs/WindowsException'> (0x00000000db891700) thrown at [C:\src\AOSP-openjdk-git\hotspot\src\share\vm\prims\jni.cpp, line 710]
Event: 373.101 Thread 0x000000001fe4d800 Exception <a 'sun/nio/fs/WindowsException'> (0x00000000dca37ea0) thrown at [C:\src\AOSP-openjdk-git\hotspot\src\share\vm\prims\jni.cpp, line 710]
Event: 373.475 Thread 0x000000001fe4d800 Exception <a 'sun/nio/fs/WindowsException'> (0x00000000dd77d990) thrown at [C:\src\AOSP-openjdk-git\hotspot\src\share\vm\prims\jni.cpp, line 710]
Event: 373.488 Thread 0x000000001fe3e800 Exception <a 'sun/nio/fs/WindowsException'> (0x00000000dd676d68) thrown at [C:\src\AOSP-openjdk-git\hotspot\src\share\vm\prims\jni.cpp, line 710]
Event: 374.127 Thread 0x000000001fe4d800 Exception <a 'sun/nio/fs/WindowsException'> (0x00000000dfd91df8) thrown at [C:\src\AOSP-openjdk-git\hotspot\src\share\vm\prims\jni.cpp, line 710]
Event: 374.136 Thread 0x000000001fe3e800 Exception <a 'sun/nio/fs/WindowsException'> (0x00000000dfe0e008) thrown at [C:\src\AOSP-openjdk-git\hotspot\src\share\vm\prims\jni.cpp, line 710]
Event: 374.313 Thread 0x000000001fe4a800 Exception <a 'sun/nio/fs/WindowsException'> (0x00000000e0748698) thrown at [C:\src\AOSP-openjdk-git\hotspot\src\share\vm\prims\jni.cpp, line 710]

Events (10 events):
Event: 373.896 Thread 0x000000001fe46000 DEOPT UNPACKING pc=0x00000000033271d0 sp=0x0000000026ee9260 mode 0
Event: 373.897 Thread 0x000000001fe46000 Uncommon trap: trap_request=0xffffff65 fr.pc=0x00000000065e9fb8
Event: 373.897 Thread 0x000000001fe46000 DEOPT PACKING pc=0x00000000065e9fb8 sp=0x0000000026ee9510
Event: 373.897 Thread 0x000000001fe46000 DEOPT UNPACKING pc=0x000000000332557b sp=0x0000000026ee94e8 mode 2
Event: 374.175 Thread 0x000000001fd5f800 DEOPT PACKING pc=0x000000000627d548 sp=0x000000001d6674f0
Event: 374.175 Thread 0x000000001fd5f800 DEOPT UNPACKING pc=0x00000000033271d0 sp=0x000000001d667210 mode 0
Event: 374.288 Thread 0x000000001fd5f800 DEOPT PACKING pc=0x0000000005e7e83d sp=0x000000001d6670a0
Event: 374.288 Thread 0x000000001fd5f800 DEOPT UNPACKING pc=0x00000000033271d0 sp=0x000000001d666fc8 mode 0
Event: 374.410 Thread 0x000000001fe4d800 DEOPT PACKING pc=0x00000000061a49ac sp=0x00000000270e9c60
Event: 374.410 Thread 0x000000001fe4d800 DEOPT UNPACKING pc=0x00000000033271d0 sp=0x00000000270e9da0 mode 0


Dynamic libraries:
0x00007ff63cb90000 - 0x00007ff63cbc1000 	C:\Program Files\Android\Android Studio\jre\bin\java.exe
0x00007fff15520000 - 0x00007fff15710000 	C:\WINDOWS\SYSTEM32\ntdll.dll
0x00007fff14e50000 - 0x00007fff14f02000 	C:\WINDOWS\System32\KERNEL32.DLL
0x00007fff12ce0000 - 0x00007fff12f85000 	C:\WINDOWS\System32\KERNELBASE.dll
0x00007fff14d70000 - 0x00007fff14e13000 	C:\WINDOWS\System32\ADVAPI32.dll
0x00007fff135d0000 - 0x00007fff1366e000 	C:\WINDOWS\System32\msvcrt.dll
0x00007fff139d0000 - 0x00007fff13a67000 	C:\WINDOWS\System32\sechost.dll
0x00007fff14c50000 - 0x00007fff14d70000 	C:\WINDOWS\System32\RPCRT4.dll
0x00007fff13670000 - 0x00007fff13805000 	C:\WINDOWS\System32\USER32.dll
0x00007fff13110000 - 0x00007fff13131000 	C:\WINDOWS\System32\win32u.dll
0x00007fff14a70000 - 0x00007fff14a96000 	C:\WINDOWS\System32\GDI32.dll
0x00007fff13340000 - 0x00007fff134d6000 	C:\WINDOWS\System32\gdi32full.dll
0x00007fff13530000 - 0x00007fff135ce000 	C:\WINDOWS\System32\msvcp_win.dll
0x00007fff13010000 - 0x00007fff1310a000 	C:\WINDOWS\System32\ucrtbase.dll
0x00007ffefb3a0000 - 0x00007ffefb624000 	C:\WINDOWS\WinSxS\amd64_microsoft.windows.common-controls_6595b64144ccf1df_6.0.18362.1082_none_9e8193e1e45b25c1\COMCTL32.dll
0x00007fff14730000 - 0x00007fff14a65000 	C:\WINDOWS\System32\combase.dll
0x00007fff12f90000 - 0x00007fff13010000 	C:\WINDOWS\System32\bcryptPrimitives.dll
0x00007fff14e20000 - 0x00007fff14e4e000 	C:\WINDOWS\System32\IMM32.DLL
0x0000000054970000 - 0x0000000054a42000 	C:\Program Files\Android\Android Studio\jre\jre\bin\msvcr100.dll
0x0000000054c60000 - 0x00000000554ab000 	C:\Program Files\Android\Android Studio\jre\jre\bin\server\jvm.dll
0x00007fff13c40000 - 0x00007fff13c48000 	C:\WINDOWS\System32\PSAPI.DLL
0x00007fff0ac40000 - 0x00007fff0ac4a000 	C:\WINDOWS\SYSTEM32\VERSION.dll
0x00007fff0fdb0000 - 0x00007fff0fdd4000 	C:\WINDOWS\SYSTEM32\WINMM.dll
0x00007ffefdc90000 - 0x00007ffefdc99000 	C:\WINDOWS\SYSTEM32\WSOCK32.dll
0x00007fff0fc50000 - 0x00007fff0fc7d000 	C:\WINDOWS\SYSTEM32\winmmbase.dll
0x00007fff12c90000 - 0x00007fff12cda000 	C:\WINDOWS\System32\cfgmgr32.dll
0x00007fff13fb0000 - 0x00007fff1401f000 	C:\WINDOWS\System32\WS2_32.dll
0x00007ffefdc80000 - 0x00007ffefdc8f000 	C:\Program Files\Android\Android Studio\jre\jre\bin\verify.dll
0x00007ffeddb30000 - 0x00007ffeddb59000 	C:\Program Files\Android\Android Studio\jre\jre\bin\java.dll
0x00007ffef0200000 - 0x00007ffef0216000 	C:\Program Files\Android\Android Studio\jre\jre\bin\zip.dll
0x00007fff14030000 - 0x00007fff14717000 	C:\WINDOWS\System32\SHELL32.dll
0x00007fff13a70000 - 0x00007fff13b19000 	C:\WINDOWS\System32\shcore.dll
0x00007fff12510000 - 0x00007fff12c90000 	C:\WINDOWS\System32\windows.storage.dll
0x00007fff12460000 - 0x00007fff12483000 	C:\WINDOWS\System32\profapi.dll
0x00007fff12410000 - 0x00007fff1245a000 	C:\WINDOWS\System32\powrprof.dll
0x00007fff123e0000 - 0x00007fff123f0000 	C:\WINDOWS\System32\UMPDC.dll
0x00007fff13f50000 - 0x00007fff13fa2000 	C:\WINDOWS\System32\shlwapi.dll
0x00007fff12490000 - 0x00007fff124a1000 	C:\WINDOWS\System32\kernel.appcore.dll
0x00007fff13510000 - 0x00007fff13527000 	C:\WINDOWS\System32\cryptsp.dll
0x00007ffeda6c0000 - 0x00007ffeda6da000 	C:\Program Files\Android\Android Studio\jre\jre\bin\net.dll
0x00007fff11bd0000 - 0x00007fff11c37000 	C:\WINDOWS\system32\mswsock.dll
0x00007ffeda6a0000 - 0x00007ffeda6b3000 	C:\Program Files\Android\Android Studio\jre\jre\bin\nio.dll
0x00007fff05ea0000 - 0x00007fff05ec6000 	C:\Users\bevan\.gradle\native\31\windows-amd64\native-platform.dll
0x00007ffef2c70000 - 0x00007ffef2c7d000 	C:\Program Files\Android\Android Studio\jre\jre\bin\management.dll
0x00007fff11740000 - 0x00007fff11773000 	C:\WINDOWS\system32\rsaenh.dll
0x00007fff134e0000 - 0x00007fff13506000 	C:\WINDOWS\System32\bcrypt.dll
0x00007fff12300000 - 0x00007fff12325000 	C:\WINDOWS\SYSTEM32\USERENV.dll
0x00007fff11da0000 - 0x00007fff11dac000 	C:\WINDOWS\SYSTEM32\CRYPTBASE.dll
0x00007fff118e0000 - 0x00007fff1191a000 	C:\WINDOWS\SYSTEM32\IPHLPAPI.DLL
0x00007fff14020000 - 0x00007fff14028000 	C:\WINDOWS\System32\NSI.dll
0x00007fff090d0000 - 0x00007fff090e6000 	C:\WINDOWS\SYSTEM32\dhcpcsvc6.DLL
0x00007fff090b0000 - 0x00007fff090cc000 	C:\WINDOWS\SYSTEM32\dhcpcsvc.DLL
0x00007fff11920000 - 0x00007fff119eb000 	C:\WINDOWS\SYSTEM32\DNSAPI.dll
0x00007ffede720000 - 0x00007ffede73e000 	C:\Users\bevan\AppData\Local\Temp\native-platform7973860404704953461dir\native-platform.dll

VM Arguments:
jvm_args: -Xmx2048m -Dfile.encoding=windows-1252 -Duser.country=US -Duser.language=en -Duser.variant 
java_command: org.gradle.launcher.daemon.bootstrap.GradleDaemon 6.1.1
java_class_path (initial): C:\Users\bevan\.gradle\wrapper\dists\gradle-6.1.1-all\cfmwm155h49vnt3hynmlrsdst\gradle-6.1.1\lib\gradle-launcher-6.1.1.jar
Launcher Type: SUN_STANDARD

Environment Variables:
PATH=C:\WINDOWS\system32;C:\WINDOWS;C:\WINDOWS\System32\Wbem;C:\WINDOWS\System32\WindowsPowerShell\v1.0\;C:\Program Files (x86)\Windows Kits\8.0\Windows Performance Toolkit\;C:\Program Files\Microsoft SQL Server\110\Tools\Binn\;C:\WINDOWS\System32\OpenSSH\;C:\Users\bevan\AppData\Local\Microsoft\WindowsApps;C:\Users\bevan\AppData\Local\GitHubDesktop\bin;C:\Users\bevan\AppData\Local\Programs\Microsoft VS Code\bin;C:\Users\bevan\AppData\Local\Microsoft\WindowsApps;
USERNAME=bevan
OS=Windows_NT
PROCESSOR_IDENTIFIER=AMD64 Family 23 Model 17 Stepping 0, AuthenticAMD



---------------  S Y S T E M  ---------------

OS: Windows 10.0 , 64 bit Build 18362 (10.0.18362.1082)

CPU:total 8 (initial active 8) (8 cores per cpu, 1 threads per core) family 23 model 17 stepping 0, cmov, cx8, fxsr, mmx, sse, sse2, sse3, ssse3, sse4.1, sse4.2, popcnt, avx, avx2, aes, clmul, mmxext, 3dnowpref, lzcnt, sse4a, tsc, tscinvbit, tscinv, bmi1

Memory: 4k page, physical 6246192k(136508k free), swap 25120560k(18496k free)

vm_info: OpenJDK 64-Bit Server VM (25.242-b01) for windows-amd64 JRE (1.8.0_242-release-1644-b01), built by "builder" with MS VC++ 10.0 (VS2010)

time: Wed Nov 04 21:10:25 2020
timezone: SE Asia Standard Time
elapsed time: 374 seconds (0d 0h 6m 14s)

