#
# There is insufficient memory for the Java Runtime Environment to continue.
# Native memory allocation (malloc) failed to allocate 2404016 bytes for Chunk::new
# Possible reasons:
#   The system is out of physical RAM or swap space
#   The process is running with CompressedOops enabled, and the Java Heap may be blocking the growth of the native heap
# Possible solutions:
#   Reduce memory load on the system
#   Increase physical memory or swap space
#   Check if swap backing store is full
#   Decrease Java heap size (-Xmx/-Xms)
#   Decrease number of Java threads
#   Decrease Java thread stack sizes (-Xss)
#   Set larger code cache with -XX:ReservedCodeCacheSize=
#   JVM is running with Unscaled Compressed Oops mode in which the Java heap is
#     placed in the first 4GB address space. The Java Heap base address is the
#     maximum limit for the native heap growth. Please use -XX:HeapBaseMinAddress
#     to set the Java Heap base and to place the Java Heap above 4GB virtual address.
# This output file may be truncated or incomplete.
#
#  Out of Memory Error (allocation.cpp:389), pid=31148, tid=0x0000000000007670
#
# JRE version: OpenJDK Runtime Environment (8.0_242-b01) (build 1.8.0_242-release-1644-b01)
# Java VM: OpenJDK 64-Bit Server VM (25.242-b01 mixed mode windows-amd64 compressed oops)
# Failed to write core dump. Minidumps are not enabled by default on client versions of Windows
#

---------------  T H R E A D  ---------------

Current thread (0x0000000019c58000):  JavaThread "C2 CompilerThread1" daemon [_thread_in_native, id=30320, stack(0x000000001a620000,0x000000001a720000)]

Stack: [0x000000001a620000,0x000000001a720000]
[error occurred during error reporting (printing stack bounds), id 0xc0000005]

Native frames: (J=compiled Java code, j=interpreted, Vv=VM code, C=native code)


Current CompileTask:
C2:3453297 21799       4       com.android.tools.r8.ir.regalloc.a::a (3993 bytes)


---------------  P R O C E S S  ---------------

Java Threads: ( => current thread )
  0x000000001ec5a800 JavaThread "WorkerExecutor Queue Thread 9" [_thread_in_Java, id=20436, stack(0x000000002a730000,0x000000002a830000)]
  0x000000001ec60800 JavaThread "WorkerExecutor Queue Thread 8" [_thread_blocked, id=29824, stack(0x000000002a630000,0x000000002a730000)]
  0x000000001ec60000 JavaThread "WorkerExecutor Queue Thread 7" [_thread_blocked, id=20036, stack(0x0000000029160000,0x0000000029260000)]
  0x000000001ef5c000 JavaThread "WorkerExecutor Queue Thread 6" [_thread_blocked, id=20280, stack(0x0000000028e60000,0x0000000028f60000)]
  0x000000001ef52800 JavaThread "WorkerExecutor Queue Thread 5" [_thread_blocked, id=32564, stack(0x0000000028400000,0x0000000028500000)]
  0x000000001ef55800 JavaThread "WorkerExecutor Queue Thread 4" [_thread_blocked, id=13688, stack(0x0000000028300000,0x0000000028400000)]
  0x000000001ef4e800 JavaThread "WorkerExecutor Queue Thread 3" [_thread_blocked, id=23120, stack(0x0000000028200000,0x0000000028300000)]
  0x000000001ef54000 JavaThread "stdout" [_thread_in_native, id=30344, stack(0x0000000027e00000,0x0000000027f00000)]
  0x000000001ef5a000 JavaThread "stderr" [_thread_in_native, id=12948, stack(0x0000000027d00000,0x0000000027e00000)]
  0x0000000022794800 JavaThread "pool-14-thread-1" [_thread_blocked, id=27116, stack(0x0000000027800000,0x0000000027900000)]
  0x0000000022794000 JavaThread "WorkerExecutor Queue Thread 2" [_thread_blocked, id=13360, stack(0x0000000027700000,0x0000000027800000)]
  0x0000000022791000 JavaThread "WorkerExecutor Queue" [_thread_in_Java, id=31196, stack(0x0000000027600000,0x0000000027700000)]
  0x0000000022793000 JavaThread "Cache worker for execution history cache (C:\Users\bevan\AndroidStudioProjects\kakulator\.gradle\6.1.1\executionHistory)" [_thread_blocked, id=24648, stack(0x0000000027500000,0x0000000027600000)]
  0x0000000022791800 JavaThread "Execution worker for ':' Thread 7" [_thread_in_Java, id=33164, stack(0x0000000027400000,0x0000000027500000)]
  0x0000000022795800 JavaThread "Execution worker for ':' Thread 6" [_thread_blocked, id=5320, stack(0x0000000027300000,0x0000000027400000)]
  0x0000000022789000 JavaThread "Execution worker for ':' Thread 5" [_thread_in_Java, id=17912, stack(0x0000000026e00000,0x0000000026f00000)]
  0x000000002278f800 JavaThread "Execution worker for ':' Thread 4" [_thread_blocked, id=33596, stack(0x0000000026b00000,0x0000000026c00000)]
  0x000000002278e800 JavaThread "Execution worker for ':' Thread 3" [_thread_blocked, id=31688, stack(0x0000000026a00000,0x0000000026b00000)]
  0x000000002278c800 JavaThread "Execution worker for ':' Thread 2" [_thread_in_Java, id=31256, stack(0x0000000026900000,0x0000000026a00000)]
  0x000000002278e000 JavaThread "Execution worker for ':'" [_thread_in_Java, id=6868, stack(0x0000000025030000,0x0000000025130000)]
  0x0000000022786000 JavaThread "Cache worker for file content cache (C:\Users\bevan\AndroidStudioProjects\kakulator\.gradle\6.1.1\fileContent)" [_thread_blocked, id=4680, stack(0x0000000024030000,0x0000000024130000)]
  0x000000002278d000 JavaThread "Cache worker for Build Output Cleanup Cache (C:\Users\bevan\AndroidStudioProjects\kakulator\.gradle\buildOutputCleanup)" [_thread_blocked, id=26936, stack(0x0000000023d30000,0x0000000023e30000)]
  0x0000000020027800 JavaThread "pool-13-thread-1" [_thread_blocked, id=31508, stack(0x0000000023830000,0x0000000023930000)]
  0x0000000020026800 JavaThread "Build operations Thread 8" [_thread_blocked, id=8968, stack(0x0000000023730000,0x0000000023830000)]
  0x0000000020029000 JavaThread "Build operations Thread 7" [_thread_blocked, id=24248, stack(0x0000000023630000,0x0000000023730000)]
  0x000000002002b000 JavaThread "Build operations Thread 6" [_thread_blocked, id=25648, stack(0x0000000023530000,0x0000000023630000)]
  0x000000002002a800 JavaThread "Build operations Thread 5" [_thread_blocked, id=17556, stack(0x0000000023430000,0x0000000023530000)]
  0x0000000020025000 JavaThread "Build operations Thread 4" [_thread_blocked, id=21396, stack(0x0000000023330000,0x0000000023430000)]
  0x0000000020028000 JavaThread "Build operations Thread 3" [_thread_blocked, id=9128, stack(0x0000000023230000,0x0000000023330000)]
  0x0000000020029800 JavaThread "Build operations Thread 2" [_thread_blocked, id=32824, stack(0x0000000023130000,0x0000000023230000)]
  0x0000000020026000 JavaThread "Build operations" [_thread_blocked, id=8484, stack(0x00000000212e0000,0x00000000213e0000)]
  0x0000000020020800 JavaThread "Cache worker for cache directory md-rule (C:\Users\bevan\.gradle\caches\6.1.1\md-rule)" [_thread_blocked, id=21480, stack(0x00000000211e0000,0x00000000212e0000)]
  0x000000002001d800 JavaThread "Cache worker for cache directory md-supplier (C:\Users\bevan\.gradle\caches\6.1.1\md-supplier)" [_thread_blocked, id=32684, stack(0x0000000020ce0000,0x0000000020de0000)]
  0x0000000020024800 JavaThread "Cache worker for file hash cache (C:\Users\bevan\AndroidStudioProjects\kakulator\.gradle\6.1.1\fileHashes)" [_thread_blocked, id=8568, stack(0x0000000020be0000,0x0000000020ce0000)]
  0x000000002001f000 JavaThread "Cache worker for checksums cache (C:\Users\bevan\AndroidStudioProjects\kakulator\.gradle\checksums)" [_thread_blocked, id=15860, stack(0x000000001e440000,0x000000001e540000)]
  0x0000000020023800 JavaThread "Thread-148" [_thread_blocked, id=32256, stack(0x000000001e140000,0x000000001e240000)]
  0x0000000020020000 JavaThread "Stdin handler" [_thread_blocked, id=33764, stack(0x000000001e040000,0x000000001e140000)]
  0x0000000020021800 JavaThread "Asynchronous log dispatcher for DefaultDaemonConnection: socket connection from /127.0.0.1:60745 to /127.0.0.1:65446" [_thread_blocked, id=26644, stack(0x000000001dd40000,0x000000001de40000)]
  0x000000002001c000 JavaThread "Daemon worker Thread 4" [_thread_blocked, id=30744, stack(0x000000001dc40000,0x000000001dd40000)]
  0x0000000020022000 JavaThread "Cancel handler" [_thread_blocked, id=32960, stack(0x0000000001190000,0x0000000001290000)]
  0x000000002001e800 JavaThread "Handler for socket connection from /127.0.0.1:60745 to /127.0.0.1:65446" [_thread_in_native, id=11120, stack(0x0000000001090000,0x0000000001190000)]
  0x000000002001d000 JavaThread "Daemon Thread 4" [_thread_blocked, id=13728, stack(0x0000000000f90000,0x0000000001090000)]
  0x000000001f7e9000 JavaThread "RMI Reaper" [_thread_blocked, id=25436, stack(0x0000000028d60000,0x0000000028e60000)]
  0x000000001f7e8800 JavaThread "RMI TCP Accept-0" daemon [_thread_in_native, id=5176, stack(0x0000000028620000,0x0000000028720000)]
  0x000000001f7e7800 JavaThread "GC Daemon" daemon [_thread_blocked, id=20884, stack(0x0000000028520000,0x0000000028620000)]
  0x000000001ec63800 JavaThread "RMI Scheduler(0)" daemon [_thread_blocked, id=28312, stack(0x0000000028100000,0x0000000028200000)]
  0x000000001ec67800 JavaThread "Cache worker for file content cache (C:\Users\bevan\.gradle\caches\6.1.1\fileContent)" [_thread_blocked, id=22588, stack(0x0000000024e30000,0x0000000024f30000)]
  0x000000001ec69000 JavaThread "Memory manager" [_thread_blocked, id=32424, stack(0x0000000024d30000,0x0000000024e30000)]
  0x000000001add4000 JavaThread "Cache worker for execution history cache (C:\Users\bevan\.gradle\caches\6.1.1\executionHistory)" [_thread_blocked, id=19480, stack(0x00000000213e0000,0x00000000214e0000)]
  0x000000001add0800 JavaThread "Cache worker for file hash cache (C:\Users\bevan\.gradle\caches\6.1.1\fileHashes)" [_thread_blocked, id=16212, stack(0x000000001e940000,0x000000001ea40000)]
  0x000000001add5800 JavaThread "File lock request listener" [_thread_in_native, id=31184, stack(0x000000001e840000,0x000000001e940000)]
  0x000000001b638800 JavaThread "Cache worker for journal cache (C:\Users\bevan\.gradle\caches\journal-1)" [_thread_blocked, id=24076, stack(0x000000001e740000,0x000000001e840000)]
  0x000000001b2d5800 JavaThread "Daemon periodic checks" [_thread_blocked, id=7644, stack(0x000000001db40000,0x000000001dc40000)]
  0x000000001b130800 JavaThread "Incoming local TCP Connector on port 60745" [_thread_in_native, id=3160, stack(0x000000001d900000,0x000000001da00000)]
  0x000000001c1cd800 JavaThread "Daemon health stats" [_thread_blocked, id=31052, stack(0x000000001d2c0000,0x000000001d3c0000)]
  0x0000000019cc1800 JavaThread "Service Thread" daemon [_thread_blocked, id=7012, stack(0x000000001a920000,0x000000001aa20000)]
  0x0000000019c6b800 JavaThread "C1 CompilerThread3" daemon [_thread_blocked, id=10124, stack(0x000000001a820000,0x000000001a920000)]
  0x0000000019c66000 JavaThread "C2 CompilerThread2" daemon [_thread_in_native, id=32176, stack(0x000000001a720000,0x000000001a820000)]
=>0x0000000019c58000 JavaThread "C2 CompilerThread1" daemon [_thread_in_native, id=30320, stack(0x000000001a620000,0x000000001a720000)]
  0x0000000017e68000 JavaThread "C2 CompilerThread0" daemon [_thread_in_native, id=33352, stack(0x000000001a520000,0x000000001a620000)]
  0x0000000019c52800 JavaThread "Attach Listener" daemon [_thread_blocked, id=19340, stack(0x000000001a420000,0x000000001a520000)]
  0x0000000019c56800 JavaThread "Signal Dispatcher" daemon [_thread_blocked, id=32116, stack(0x000000001a320000,0x000000001a420000)]
  0x0000000002dee000 JavaThread "Finalizer" daemon [_thread_blocked, id=33372, stack(0x000000001a120000,0x000000001a220000)]
  0x0000000002de7000 JavaThread "Reference Handler" daemon [_thread_blocked, id=18104, stack(0x000000001a020000,0x000000001a120000)]
  0x000000000137e000 JavaThread "main" [_thread_blocked, id=32544, stack(0x0000000002b90000,0x0000000002c90000)]

Other Threads:
  0x0000000017e56000 VMThread [stack: 0x0000000019b20000,0x0000000019c20000] [id=24976]
  0x0000000019cc2800 WatcherThread [stack: 0x000000001aa20000,0x000000001ab20000] [id=30128]

VM state:not at safepoint (normal execution)

VM Mutex/Monitor currently owned by a thread:  ([mutex/lock_event])
[0x0000000002cf1a50] Compile_lock - owner thread: 0x0000000019c6b800
[0x0000000002cf1ed0] MethodCompileQueue_lock - owner thread: 0x0000000019c6b800

heap address: 0x0000000080000000, size: 2048 MB, Compressed Oops mode: 32-bit
Narrow klass base: 0x0000000000000000, Narrow klass shift: 3
Compressed class space size: 1073741824 Address: 0x0000000100000000

Heap:
 PSYoungGen      total 577024K, used 414431K [0x00000000d5580000, 0x00000000fdf80000, 0x0000000100000000)
  eden space 506880K, 75% used [0x00000000d5580000,0x00000000eccdacd0,0x00000000f4480000)
  from space 70144K, 42% used [0x00000000f4480000,0x00000000f61dd2f8,0x00000000f8900000)
  to   space 52224K, 0% used [0x00000000fac80000,0x00000000fac80000,0x00000000fdf80000)
 ParOldGen       total 217600K, used 141648K [0x0000000080000000, 0x000000008d480000, 0x00000000d5580000)
  object space 217600K, 65% used [0x0000000080000000,0x0000000088a54048,0x000000008d480000)
 Metaspace       used 93792K, capacity 98726K, committed 99224K, reserved 1134592K
  class space    used 12203K, capacity 13073K, committed 13232K, reserved 1048576K

Card table byte_map: [0x00000000121b0000,0x00000000125c0000] byte_map_base: 0x0000000011db0000

Marking Bits: (ParMarkBitMap*) 0x000000005542f030
 Begin Bits: [0x0000000013070000, 0x0000000015070000)
 End Bits:   [0x0000000015070000, 0x0000000017070000)

Polling page: 0x00000000009f0000

CodeCache: size=245760Kb used=60552Kb max_used=60901Kb free=185207Kb
 bounds [0x0000000002df0000, 0x0000000006ae0000, 0x0000000011df0000]
 total_blobs=17773 nmethods=16867 adapters=817
 compilation: enabled

Compilation events (10 events):
Event: 3452.918 Thread 0x0000000017e68000 nmethod 22029% 0x00000000060802d0 code [0x00000000060806c0, 0x00000000060830e8]
Event: 3452.919 Thread 0x0000000017e68000 21888       4       com.android.tools.r8.u.b.W::t (63 bytes)
Event: 3452.995 Thread 0x0000000017e68000 nmethod 21888 0x0000000004eaf250 code [0x0000000004eaf480, 0x0000000004eb0238]
Event: 3452.995 Thread 0x0000000017e68000 22063       4       com.android.tools.r8.ir.optimize.Z::a (1306 bytes)
Event: 3453.106 Thread 0x0000000019c6b800 22066       1       com.android.tools.r8.u.b.l1::G2 (2 bytes)
Event: 3453.107 Thread 0x0000000019c6b800 nmethod 22066 0x0000000004eaef90 code [0x0000000004eaf0e0, 0x0000000004eaf1f0]
Event: 3453.141 Thread 0x0000000019c6b800 22068       3       com.android.tools.r8.ir.optimize.l::a (286 bytes)
Event: 3453.149 Thread 0x0000000019c6b800 nmethod 22068 0x00000000058dfe10 code [0x00000000058e03c0, 0x00000000058e3d48]
Event: 3453.224 Thread 0x0000000019c6b800 22070       1       com.android.tools.r8.code.x::a (1 bytes)
Event: 3453.224 Thread 0x0000000019c6b800 nmethod 22070 0x00000000058dfb50 code [0x00000000058dfca0, 0x00000000058dfdb0]

GC Heap History (10 events):
Event: 3445.495 GC heap before
{Heap before GC invocations=30 (full 5):
 PSYoungGen      total 574464K, used 533436K [0x00000000d5580000, 0x00000000fcd80000, 0x0000000100000000)
  eden space 506880K, 100% used [0x00000000d5580000,0x00000000f4480000,0x00000000f4480000)
  from space 67584K, 39% used [0x00000000f8b80000,0x00000000fa56f358,0x00000000fcd80000)
  to   space 70144K, 0% used [0x00000000f4480000,0x00000000f4480000,0x00000000f8900000)
 ParOldGen       total 217600K, used 114630K [0x0000000080000000, 0x000000008d480000, 0x00000000d5580000)
  object space 217600K, 52% used [0x0000000080000000,0x0000000086ff1940,0x000000008d480000)
 Metaspace       used 93637K, capacity 98436K, committed 98968K, reserved 1134592K
  class space    used 12193K, capacity 13058K, committed 13232K, reserved 1048576K
Event: 3445.553 GC heap after
Heap after GC invocations=30 (full 5):
 PSYoungGen      total 577024K, used 29825K [0x00000000d5580000, 0x00000000fcd80000, 0x0000000100000000)
  eden space 506880K, 0% used [0x00000000d5580000,0x00000000d5580000,0x00000000f4480000)
  from space 70144K, 42% used [0x00000000f4480000,0x00000000f61a0528,0x00000000f8900000)
  to   space 67584K, 0% used [0x00000000f8b80000,0x00000000f8b80000,0x00000000fcd80000)
 ParOldGen       total 217600K, used 114630K [0x0000000080000000, 0x000000008d480000, 0x00000000d5580000)
  object space 217600K, 52% used [0x0000000080000000,0x0000000086ff1940,0x000000008d480000)
 Metaspace       used 93637K, capacity 98436K, committed 98968K, reserved 1134592K
  class space    used 12193K, capacity 13058K, committed 13232K, reserved 1048576K
}
Event: 3447.362 GC heap before
{Heap before GC invocations=31 (full 5):
 PSYoungGen      total 577024K, used 536705K [0x00000000d5580000, 0x00000000fcd80000, 0x0000000100000000)
  eden space 506880K, 100% used [0x00000000d5580000,0x00000000f4480000,0x00000000f4480000)
  from space 70144K, 42% used [0x00000000f4480000,0x00000000f61a0528,0x00000000f8900000)
  to   space 67584K, 0% used [0x00000000f8b80000,0x00000000f8b80000,0x00000000fcd80000)
 ParOldGen       total 217600K, used 114630K [0x0000000080000000, 0x000000008d480000, 0x00000000d5580000)
  object space 217600K, 52% used [0x0000000080000000,0x0000000086ff1940,0x000000008d480000)
 Metaspace       used 93671K, capacity 98504K, committed 99224K, reserved 1134592K
  class space    used 12193K, capacity 13058K, committed 13232K, reserved 1048576K
Event: 3447.437 GC heap after
Heap after GC invocations=31 (full 5):
 PSYoungGen      total 574464K, used 32556K [0x00000000d5580000, 0x00000000fcd80000, 0x0000000100000000)
  eden space 506880K, 0% used [0x00000000d5580000,0x00000000d5580000,0x00000000f4480000)
  from space 67584K, 48% used [0x00000000f8b80000,0x00000000fab4b1e8,0x00000000fcd80000)
  to   space 70144K, 0% used [0x00000000f4480000,0x00000000f4480000,0x00000000f8900000)
 ParOldGen       total 217600K, used 114630K [0x0000000080000000, 0x000000008d480000, 0x00000000d5580000)
  object space 217600K, 52% used [0x0000000080000000,0x0000000086ff1940,0x000000008d480000)
 Metaspace       used 93671K, capacity 98504K, committed 99224K, reserved 1134592K
  class space    used 12193K, capacity 13058K, committed 13232K, reserved 1048576K
}
Event: 3448.938 GC heap before
{Heap before GC invocations=32 (full 5):
 PSYoungGen      total 574464K, used 539436K [0x00000000d5580000, 0x00000000fcd80000, 0x0000000100000000)
  eden space 506880K, 100% used [0x00000000d5580000,0x00000000f4480000,0x00000000f4480000)
  from space 67584K, 48% used [0x00000000f8b80000,0x00000000fab4b1e8,0x00000000fcd80000)
  to   space 70144K, 0% used [0x00000000f4480000,0x00000000f4480000,0x00000000f8900000)
 ParOldGen       total 217600K, used 114630K [0x0000000080000000, 0x000000008d480000, 0x00000000d5580000)
  object space 217600K, 52% used [0x0000000080000000,0x0000000086ff1940,0x000000008d480000)
 Metaspace       used 93683K, capacity 98508K, committed 99224K, reserved 1134592K
  class space    used 12193K, capacity 13058K, committed 13232K, reserved 1048576K
Event: 3449.125 GC heap after
Heap after GC invocations=32 (full 5):
 PSYoungGen      total 577024K, used 28385K [0x00000000d5580000, 0x00000000fcd80000, 0x0000000100000000)
  eden space 506880K, 0% used [0x00000000d5580000,0x00000000d5580000,0x00000000f4480000)
  from space 70144K, 40% used [0x00000000f4480000,0x00000000f6038438,0x00000000f8900000)
  to   space 67584K, 0% used [0x00000000f8b80000,0x00000000f8b80000,0x00000000fcd80000)
 ParOldGen       total 217600K, used 128868K [0x0000000080000000, 0x000000008d480000, 0x00000000d5580000)
  object space 217600K, 59% used [0x0000000080000000,0x0000000087dd92f8,0x000000008d480000)
 Metaspace       used 93683K, capacity 98508K, committed 99224K, reserved 1134592K
  class space    used 12193K, capacity 13058K, committed 13232K, reserved 1048576K
}
Event: 3450.545 GC heap before
{Heap before GC invocations=33 (full 5):
 PSYoungGen      total 577024K, used 535265K [0x00000000d5580000, 0x00000000fcd80000, 0x0000000100000000)
  eden space 506880K, 100% used [0x00000000d5580000,0x00000000f4480000,0x00000000f4480000)
  from space 70144K, 40% used [0x00000000f4480000,0x00000000f6038438,0x00000000f8900000)
  to   space 67584K, 0% used [0x00000000f8b80000,0x00000000f8b80000,0x00000000fcd80000)
 ParOldGen       total 217600K, used 128868K [0x0000000080000000, 0x000000008d480000, 0x00000000d5580000)
  object space 217600K, 59% used [0x0000000080000000,0x0000000087dd92f8,0x000000008d480000)
 Metaspace       used 93705K, capacity 98510K, committed 99224K, reserved 1134592K
  class space    used 12194K, capacity 13059K, committed 13232K, reserved 1048576K
Event: 3450.625 GC heap after
Heap after GC invocations=33 (full 5):
 PSYoungGen      total 574464K, used 24819K [0x00000000d5580000, 0x00000000fcd80000, 0x0000000100000000)
  eden space 506880K, 0% used [0x00000000d5580000,0x00000000d5580000,0x00000000f4480000)
  from space 67584K, 36% used [0x00000000f8b80000,0x00000000fa3bcfa0,0x00000000fcd80000)
  to   space 70144K, 0% used [0x00000000f4480000,0x00000000f4480000,0x00000000f8900000)
 ParOldGen       total 217600K, used 134592K [0x0000000080000000, 0x000000008d480000, 0x00000000d5580000)
  object space 217600K, 61% used [0x0000000080000000,0x0000000088370338,0x000000008d480000)
 Metaspace       used 93705K, capacity 98510K, committed 99224K, reserved 1134592K
  class space    used 12194K, capacity 13059K, committed 13232K, reserved 1048576K
}
Event: 3452.210 GC heap before
{Heap before GC invocations=34 (full 5):
 PSYoungGen      total 574464K, used 531699K [0x00000000d5580000, 0x00000000fcd80000, 0x0000000100000000)
  eden space 506880K, 100% used [0x00000000d5580000,0x00000000f4480000,0x00000000f4480000)
  from space 67584K, 36% used [0x00000000f8b80000,0x00000000fa3bcfa0,0x00000000fcd80000)
  to   space 70144K, 0% used [0x00000000f4480000,0x00000000f4480000,0x00000000f8900000)
 ParOldGen       total 217600K, used 134592K [0x0000000080000000, 0x000000008d480000, 0x00000000d5580000)
  object space 217600K, 61% used [0x0000000080000000,0x0000000088370338,0x000000008d480000)
 Metaspace       used 93784K, capacity 98720K, committed 99224K, reserved 1134592K
  class space    used 12202K, capacity 13072K, committed 13232K, reserved 1048576K
Event: 3452.274 GC heap after
Heap after GC invocations=34 (full 5):
 PSYoungGen      total 577024K, used 30068K [0x00000000d5580000, 0x00000000fdf80000, 0x0000000100000000)
  eden space 506880K, 0% used [0x00000000d5580000,0x00000000d5580000,0x00000000f4480000)
  from space 70144K, 42% used [0x00000000f4480000,0x00000000f61dd2f8,0x00000000f8900000)
  to   space 52224K, 0% used [0x00000000fac80000,0x00000000fac80000,0x00000000fdf80000)
 ParOldGen       total 217600K, used 141648K [0x0000000080000000, 0x000000008d480000, 0x00000000d5580000)
  object space 217600K, 65% used [0x0000000080000000,0x0000000088a54048,0x000000008d480000)
 Metaspace       used 93784K, capacity 98720K, committed 99224K, reserved 1134592K
  class space    used 12202K, capacity 13072K, committed 13232K, reserved 1048576K
}

Deoptimization events (10 events):
Event: 3450.678 Thread 0x0000000002dee000 Uncommon trap: reason=unstable_if action=reinterpret pc=0x000000000329e268 method=java.util.WeakHashMap.expungeStaleEntries()V @ 53
Event: 3450.812 Thread 0x000000002278f800 Uncommon trap: reason=class_check action=maybe_recompile pc=0x0000000005ed0080 method=com.android.tools.r8.u.a.i.e.b(Lcom/android/tools/r8/u/b/h0;)V @ 244
Event: 3451.362 Thread 0x0000000022791800 Uncommon trap: reason=class_check action=maybe_recompile pc=0x000000000602ce4c method=com.android.tools.r8.ir.optimize.l.b(Lcom/android/tools/r8/u/b/W;)V @ 272
Event: 3451.456 Thread 0x0000000022794000 Uncommon trap: reason=unstable_if action=reinterpret pc=0x0000000005530ce4 method=java.lang.ref.SoftReference.get()Ljava/lang/Object; @ 6
Event: 3451.519 Thread 0x0000000022794000 Uncommon trap: reason=class_check action=maybe_recompile pc=0x00000000049736b0 method=com.android.tools.r8.utils.g0.D()Lcom/android/tools/r8/utils/h0; @ 38
Event: 3451.519 Thread 0x0000000022794000 Uncommon trap: reason=class_check action=maybe_recompile pc=0x00000000049736b0 method=com.android.tools.r8.utils.g0.D()Lcom/android/tools/r8/utils/h0; @ 38
Event: 3451.522 Thread 0x0000000022794000 Uncommon trap: reason=class_check action=maybe_recompile pc=0x00000000049736b0 method=com.android.tools.r8.utils.g0.D()Lcom/android/tools/r8/utils/h0; @ 38
Event: 3451.523 Thread 0x0000000022794000 Uncommon trap: reason=class_check action=maybe_recompile pc=0x00000000049736b0 method=com.android.tools.r8.utils.g0.D()Lcom/android/tools/r8/utils/h0; @ 38
Event: 3452.087 Thread 0x0000000022789000 Uncommon trap: reason=unstable_if action=reinterpret pc=0x00000000034c1a80 method=java.util.HashMap.getNode(ILjava/lang/Object;)Ljava/util/HashMap$Node; @ 84
Event: 3452.314 Thread 0x000000002278f800 Uncommon trap: reason=unstable_if action=reinterpret pc=0x00000000068c5c90 method=com.android.tools.r8.ir.regalloc.a.e(Lcom/android/tools/r8/ir/regalloc/b;)Z @ 4

Classes redefined (0 events):
No events

Internal exceptions (10 events):
Event: 3451.751 Thread 0x0000000022794000 Exception <a 'sun/nio/fs/WindowsException'> (0x00000000ea790128) thrown at [C:\src\AOSP-openjdk-git\hotspot\src\share\vm\prims\jni.cpp, line 710]
Event: 3451.776 Thread 0x0000000022794000 Exception <a 'sun/nio/fs/WindowsException'> (0x00000000ea797ab0) thrown at [C:\src\AOSP-openjdk-git\hotspot\src\share\vm\prims\jni.cpp, line 710]
Event: 3451.780 Thread 0x0000000022794000 Exception <a 'sun/nio/fs/WindowsException'> (0x00000000eb3bd9b0) thrown at [C:\src\AOSP-openjdk-git\hotspot\src\share\vm\prims\jni.cpp, line 710]
Event: 3451.784 Thread 0x0000000022794000 Exception <a 'sun/nio/fs/WindowsException'> (0x00000000eb3c53c0) thrown at [C:\src\AOSP-openjdk-git\hotspot\src\share\vm\prims\jni.cpp, line 710]
Event: 3451.788 Thread 0x0000000022794000 Exception <a 'sun/nio/fs/WindowsException'> (0x00000000eb3ccf68) thrown at [C:\src\AOSP-openjdk-git\hotspot\src\share\vm\prims\jni.cpp, line 710]
Event: 3451.792 Thread 0x0000000022794000 Exception <a 'sun/nio/fs/WindowsException'> (0x00000000eb3d4900) thrown at [C:\src\AOSP-openjdk-git\hotspot\src\share\vm\prims\jni.cpp, line 710]
Event: 3451.797 Thread 0x0000000022794000 Exception <a 'sun/nio/fs/WindowsException'> (0x00000000eb9a1ee0) thrown at [C:\src\AOSP-openjdk-git\hotspot\src\share\vm\prims\jni.cpp, line 710]
Event: 3451.801 Thread 0x0000000022794000 Exception <a 'sun/nio/fs/WindowsException'> (0x00000000eb9a94c0) thrown at [C:\src\AOSP-openjdk-git\hotspot\src\share\vm\prims\jni.cpp, line 710]
Event: 3451.804 Thread 0x0000000022794000 Exception <a 'sun/nio/fs/WindowsException'> (0x00000000eb9b0ab8) thrown at [C:\src\AOSP-openjdk-git\hotspot\src\share\vm\prims\jni.cpp, line 710]
Event: 3451.828 Thread 0x0000000022794000 Exception <a 'sun/nio/fs/WindowsException'> (0x00000000ebefd078) thrown at [C:\src\AOSP-openjdk-git\hotspot\src\share\vm\prims\jni.cpp, line 710]

Events (10 events):
Event: 3452.941 Thread 0x0000000022791800 DEOPT PACKING pc=0x0000000006595a6e sp=0x00000000274f9cb0
Event: 3452.941 Thread 0x0000000022791800 DEOPT UNPACKING pc=0x0000000002e371d0 sp=0x00000000274f9cf0 mode 0
Event: 3452.980 Thread 0x0000000022791000 DEOPT PACKING pc=0x0000000004b18e01 sp=0x00000000276fd0a0
Event: 3452.980 Thread 0x0000000022791000 DEOPT UNPACKING pc=0x0000000002e371d0 sp=0x00000000276fcec8 mode 0
Event: 3453.141 Thread 0x000000001ec5a800 DEOPT PACKING pc=0x00000000067289af sp=0x000000002a82d2e0
Event: 3453.141 Thread 0x000000001ec5a800 DEOPT UNPACKING pc=0x0000000002e371d0 sp=0x000000002a82d0f8 mode 0
Event: 3453.156 Thread 0x0000000022789000 DEOPT PACKING pc=0x0000000004b18e01 sp=0x0000000026efa8d0
Event: 3453.156 Thread 0x0000000022789000 DEOPT UNPACKING pc=0x0000000002e371d0 sp=0x0000000026efa6f8 mode 0
Event: 3453.212 Thread 0x0000000022791800 DEOPT PACKING pc=0x00000000065273cb sp=0x00000000274fa140
Event: 3453.212 Thread 0x0000000022791800 DEOPT UNPACKING pc=0x0000000002e371d0 sp=0x00000000274fa240 mode 0


Dynamic libraries:
0x00007ff63cb90000 - 0x00007ff63cbc1000 	C:\Program Files\Android\Android Studio\jre\bin\java.exe
0x00007fff15520000 - 0x00007fff15710000 	C:\WINDOWS\SYSTEM32\ntdll.dll
0x00007fff14e50000 - 0x00007fff14f02000 	C:\WINDOWS\System32\KERNEL32.DLL
0x00007fff12ce0000 - 0x00007fff12f85000 	C:\WINDOWS\System32\KERNELBASE.dll
0x00007fff14d70000 - 0x00007fff14e13000 	C:\WINDOWS\System32\ADVAPI32.dll
0x00007fff135d0000 - 0x00007fff1366e000 	C:\WINDOWS\System32\msvcrt.dll
0x00007fff139d0000 - 0x00007fff13a67000 	C:\WINDOWS\System32\sechost.dll
0x00007fff14c50000 - 0x00007fff14d70000 	C:\WINDOWS\System32\RPCRT4.dll
0x00007fff13670000 - 0x00007fff13805000 	C:\WINDOWS\System32\USER32.dll
0x00007fff13110000 - 0x00007fff13131000 	C:\WINDOWS\System32\win32u.dll
0x00007fff14a70000 - 0x00007fff14a96000 	C:\WINDOWS\System32\GDI32.dll
0x00007fff13340000 - 0x00007fff134d6000 	C:\WINDOWS\System32\gdi32full.dll
0x00007fff13530000 - 0x00007fff135ce000 	C:\WINDOWS\System32\msvcp_win.dll
0x00007fff13010000 - 0x00007fff1310a000 	C:\WINDOWS\System32\ucrtbase.dll
0x00007ffefb3a0000 - 0x00007ffefb624000 	C:\WINDOWS\WinSxS\amd64_microsoft.windows.common-controls_6595b64144ccf1df_6.0.18362.1082_none_9e8193e1e45b25c1\COMCTL32.dll
0x00007fff14730000 - 0x00007fff14a65000 	C:\WINDOWS\System32\combase.dll
0x00007fff12f90000 - 0x00007fff13010000 	C:\WINDOWS\System32\bcryptPrimitives.dll
0x00007fff14e20000 - 0x00007fff14e4e000 	C:\WINDOWS\System32\IMM32.DLL
0x0000000054970000 - 0x0000000054a42000 	C:\Program Files\Android\Android Studio\jre\jre\bin\msvcr100.dll
0x0000000054c60000 - 0x00000000554ab000 	C:\Program Files\Android\Android Studio\jre\jre\bin\server\jvm.dll
0x00007fff13c40000 - 0x00007fff13c48000 	C:\WINDOWS\System32\PSAPI.DLL
0x00007fff0fdb0000 - 0x00007fff0fdd4000 	C:\WINDOWS\SYSTEM32\WINMM.dll
0x00007ffefdc90000 - 0x00007ffefdc99000 	C:\WINDOWS\SYSTEM32\WSOCK32.dll
0x00007fff0ac40000 - 0x00007fff0ac4a000 	C:\WINDOWS\SYSTEM32\VERSION.dll
0x00007fff13fb0000 - 0x00007fff1401f000 	C:\WINDOWS\System32\WS2_32.dll
0x00007fff0fc50000 - 0x00007fff0fc7d000 	C:\WINDOWS\SYSTEM32\WINMMBASE.dll
0x00007fff12c90000 - 0x00007fff12cda000 	C:\WINDOWS\System32\cfgmgr32.dll
0x00007ffefdc80000 - 0x00007ffefdc8f000 	C:\Program Files\Android\Android Studio\jre\jre\bin\verify.dll
0x00007ffeddb30000 - 0x00007ffeddb59000 	C:\Program Files\Android\Android Studio\jre\jre\bin\java.dll
0x00007ffef0200000 - 0x00007ffef0216000 	C:\Program Files\Android\Android Studio\jre\jre\bin\zip.dll
0x00007fff14030000 - 0x00007fff14717000 	C:\WINDOWS\System32\SHELL32.dll
0x00007fff13a70000 - 0x00007fff13b19000 	C:\WINDOWS\System32\shcore.dll
0x00007fff12510000 - 0x00007fff12c90000 	C:\WINDOWS\System32\windows.storage.dll
0x00007fff12460000 - 0x00007fff12483000 	C:\WINDOWS\System32\profapi.dll
0x00007fff12410000 - 0x00007fff1245a000 	C:\WINDOWS\System32\powrprof.dll
0x00007fff123e0000 - 0x00007fff123f0000 	C:\WINDOWS\System32\UMPDC.dll
0x00007fff13f50000 - 0x00007fff13fa2000 	C:\WINDOWS\System32\shlwapi.dll
0x00007fff12490000 - 0x00007fff124a1000 	C:\WINDOWS\System32\kernel.appcore.dll
0x00007fff13510000 - 0x00007fff13527000 	C:\WINDOWS\System32\cryptsp.dll
0x00007ffeda6c0000 - 0x00007ffeda6da000 	C:\Program Files\Android\Android Studio\jre\jre\bin\net.dll
0x00007fff11bd0000 - 0x00007fff11c37000 	C:\WINDOWS\system32\mswsock.dll
0x00007ffeda6a0000 - 0x00007ffeda6b3000 	C:\Program Files\Android\Android Studio\jre\jre\bin\nio.dll
0x00007fff05ea0000 - 0x00007fff05ec6000 	C:\Users\bevan\.gradle\native\31\windows-amd64\native-platform.dll
0x00007ffef2c70000 - 0x00007ffef2c7d000 	C:\Program Files\Android\Android Studio\jre\jre\bin\management.dll
0x00007fff11740000 - 0x00007fff11773000 	C:\WINDOWS\system32\rsaenh.dll
0x00007fff134e0000 - 0x00007fff13506000 	C:\WINDOWS\System32\bcrypt.dll
0x00007fff12300000 - 0x00007fff12325000 	C:\WINDOWS\SYSTEM32\USERENV.dll
0x00007fff11da0000 - 0x00007fff11dac000 	C:\WINDOWS\SYSTEM32\CRYPTBASE.dll
0x00007fff118e0000 - 0x00007fff1191a000 	C:\WINDOWS\SYSTEM32\IPHLPAPI.DLL
0x00007fff14020000 - 0x00007fff14028000 	C:\WINDOWS\System32\NSI.dll
0x00007fff090d0000 - 0x00007fff090e6000 	C:\WINDOWS\SYSTEM32\dhcpcsvc6.DLL
0x00007fff090b0000 - 0x00007fff090cc000 	C:\WINDOWS\SYSTEM32\dhcpcsvc.DLL
0x00007fff11920000 - 0x00007fff119eb000 	C:\WINDOWS\SYSTEM32\DNSAPI.dll

VM Arguments:
jvm_args: -Xmx2048m -Dfile.encoding=windows-1252 -Duser.country=US -Duser.language=en -Duser.variant 
java_command: org.gradle.launcher.daemon.bootstrap.GradleDaemon 6.1.1
java_class_path (initial): C:\Users\bevan\.gradle\wrapper\dists\gradle-6.1.1-all\cfmwm155h49vnt3hynmlrsdst\gradle-6.1.1\lib\gradle-launcher-6.1.1.jar
Launcher Type: SUN_STANDARD

Environment Variables:
PATH=C:\WINDOWS\system32;C:\WINDOWS;C:\WINDOWS\System32\Wbem;C:\WINDOWS\System32\WindowsPowerShell\v1.0\;C:\Program Files (x86)\Windows Kits\8.0\Windows Performance Toolkit\;C:\Program Files\Microsoft SQL Server\110\Tools\Binn\;C:\WINDOWS\System32\OpenSSH\;C:\Users\bevan\AppData\Local\Microsoft\WindowsApps;C:\Users\bevan\AppData\Local\GitHubDesktop\bin;C:\Users\bevan\AppData\Local\Programs\Microsoft VS Code\bin;C:\Users\bevan\AppData\Local\Microsoft\WindowsApps;
USERNAME=bevan
OS=Windows_NT
PROCESSOR_IDENTIFIER=AMD64 Family 23 Model 17 Stepping 0, AuthenticAMD



---------------  S Y S T E M  ---------------

OS: Windows 10.0 , 64 bit Build 18362 (10.0.18362.1082)

CPU:total 8 (initial active 8) (8 cores per cpu, 1 threads per core) family 23 model 17 stepping 0, cmov, cx8, fxsr, mmx, sse, sse2, sse3, ssse3, sse4.1, sse4.2, popcnt, avx, avx2, aes, clmul, mmxext, 3dnowpref, lzcnt, sse4a, tsc, tscinvbit, tscinv, bmi1

Memory: 4k page, physical 6246192k(315080k free), swap 25120560k(6624k free)

vm_info: OpenJDK 64-Bit Server VM (25.242-b01) for windows-amd64 JRE (1.8.0_242-release-1644-b01), built by "builder" with MS VC++ 10.0 (VS2010)

time: Wed Nov 04 22:08:13 2020
timezone: SE Asia Standard Time
elapsed time: 3453 seconds (0d 0h 57m 33s)

